<?xml version="1.0" encoding="UTF-8"?>
<testng-results ignored="0" total="1" passed="1" failed="0" skipped="0">
  <reporter-output>
  </reporter-output>
  <suite started-at="2026-07-25T02:59:32 IST" name="Suite" finished-at="2026-07-25T02:59:46 IST" duration-ms="14824">
    <groups>
    </groups>
    <test started-at="2026-07-25T02:59:32 IST" name="Test" finished-at="2026-07-25T02:59:46 IST" duration-ms="14824">
      <class name="TestCases.GitHubApiTest">
        <test-method is-config="true" signature="getUrl()[pri:0, instance:TestCases.GitHubApiTest@7674f035]" started-at="2026-07-25T02:59:32 IST" name="getUrl" finished-at="2026-07-25T02:59:34 IST" duration-ms="2363" status="PASS">
          <reporter-output>
          </reporter-output>
        </test-method> <!-- getUrl -->
        <test-method signature="CreateRepo()[pri:0, instance:TestCases.GitHubApiTest@7674f035]" started-at="2026-07-25T02:59:34 IST" name="CreateRepo" finished-at="2026-07-25T02:59:46 IST" duration-ms="12318" status="PASS">
          <reporter-output>
          </reporter-output>
        </test-method> <!-- CreateRepo -->
      </class> <!-- TestCases.GitHubApiTest -->
    </test> <!-- Test -->
  </suite> <!-- Suite -->
</testng-results>
